Arguments: 
  /usr/local/bin/node /usr/local/bin/yarn add vuepress

PATH: 
  /Users/wjb/bin:/usr/local/bin:/usr/local/bin:/usr/bin:/bin:/usr/sbin:/sbin:/Applications/VMware Fusion.app/Contents/Public:/Library/Apple/usr/bin:/Users/wjb/bin:/Users/wjb/.rvm/bin:/Users/wjb/.rvm/bin

Yarn version: 
  1.22.10

Node version: 
  14.17.0

Platform: 
  darwin x64

Trace: 
  Error: http://100.100.142.218:5081/repository/npm-all/vuepress: ETIMEDOUT
      at Timeout._onTimeout (/usr/local/lib/node_modules/yarn/lib/cli.js:141322:19)
      at listOnTimeout (internal/timers.js:555:17)
      at processTimers (internal/timers.js:498:7)

npm manifest: 
  {
      "scripts":{
          "docs:dev":"vuepress dev docs",
          "docu:build":"vuepress build docs"
      }
  }

yarn manifest: 
  No manifest

Lockfile: 
  No lockfile
